<?xml version="1.0" encoding="UTF-8"?>
<!-- Generated by org.testng.reporters.JUnitXMLReporter -->
<testsuite ignored="0" hostname="DESKTOP-1S1HMOG" failures="0" tests="1" name="Test-firefox" time="18.846" errors="0" timestamp="2023-12-22T20:33:52 IST">
  <testcase classname="contactTests.CreateContactTest" name="createContctTest" time="8.385"/>
</testsuite> <!-- Test-firefox -->
