<?xml version="1.0" encoding="UTF-8"?>
<!-- Generated by org.testng.reporters.JUnitXMLReporter -->
<testsuite ignored="5" hostname="DESKTOP-1S1HMOG" failures="0" tests="2" name="Test-Runner2" time="19.298" errors="0" timestamp="2023-12-22T17:31:39 IST">
  <testcase classname="genericUtility.BaseClass" name="@BeforeMethod beforeMethod" time="0.0">
    <failure type="java.lang.NullPointerException" message="Cannot invoke &amp;quot;org.openqa.selenium.WebDriver.get(String)&amp;quot; because &amp;quot;this.driver&amp;quot; is null">
      <![CDATA[java.lang.NullPointerException: Cannot invoke "org.openqa.selenium.WebDriver.get(String)" because "this.driver" is null
at genericUtility.BaseClass.beforeMethod(BaseClass.java:77)
at java.base/java.util.ArrayList.forEach(ArrayList.java:1511)
at java.base/java.util.concurrent.FutureTask.run(FutureTask.java:264)
at java.base/java.util.concurrent.ThreadPoolExecutor.runWorker(ThreadPoolExecutor.java:1130)
at java.base/java.util.concurrent.ThreadPoolExecutor$Worker.run(ThreadPoolExecutor.java:630)
at java.base/java.lang.Thread.run(Thread.java:831)
... Removed 22 stack frames]]>
    </failure>
  </testcase> <!-- @BeforeMethod beforeMethod -->
  <testcase classname="genericUtility.BaseClass" name="@AfterMethod afterMethod" time="-1.703246499166E9">
    <skipped/>
  </testcase> <!-- @AfterMethod afterMethod -->
  <testcase classname="genericUtility.BaseClass" name="@AfterClass afterClass" time="-1.703246499168E9">
    <skipped/>
  </testcase> <!-- @AfterClass afterClass -->
  <testcase classname="contactTests.CreateContactTest" name="createContctTest" time="8.611"/>
  <testcase classname="contactTests.CreateContactWithTitleTest" name="CreateContacctWithLeadTest" time="0.0">
    <skipped/>
  </testcase> <!-- CreateContacctWithLeadTest -->
  <testcase classname="genericUtility.BaseClass" name="@AfterSuite afterSute" time="0.0">
    <ignored/>
  </testcase> <!-- @AfterSuite afterSute -->
  <testcase classname="genericUtility.BaseClass" name="@BeforeSuite beforeSuite" time="0.0">
    <ignored/>
  </testcase> <!-- @BeforeSuite beforeSuite -->
  <testcase classname="genericUtility.BaseClass" name="@AfterTest afterTest" time="0.0">
    <ignored/>
  </testcase> <!-- @AfterTest afterTest -->
  <testcase classname="genericUtility.BaseClass" name="@BeforeTest beforTest" time="0.0">
    <ignored/>
  </testcase> <!-- @BeforeTest beforTest -->
  <testcase classname="genericUtility.BaseClass" name="@BeforeTest beforeClass" time="0.0">
    <ignored/>
  </testcase> <!-- @BeforeTest beforeClass -->
</testsuite> <!-- Test-Runner2 -->
