<?xml version="1.0" encoding="UTF-8"?>
<!-- Generated by org.testng.reporters.JUnitXMLReporter -->
<testsuite ignored="0" hostname="DESKTOP-1S1HMOG" failures="0" tests="1" name="Test-edge" time="18.033" errors="0" timestamp="2023-12-22T20:33:51 IST">
  <testcase classname="contactTests.CreateContactWithTitleTest" name="CreateContacctWithLeadTest" time="8.905"/>
</testsuite> <!-- Test-edge -->
