<?xml version="1.0" encoding="UTF-8"?>
<!-- Generated by org.testng.reporters.JUnitReportReporter -->
<testsuite hostname="DESKTOP-1S1HMOG" failures="0" tests="1" name="contactTests.CreateContactWithTitleTest" time="13.861" errors="0" timestamp="2023-12-22T20:33:52 IST" skipped="0">
  <testcase classname="contactTests.CreateContactWithTitleTest" name="CreateContacctWithLeadTest" time="13.861"/>
  <system-out/>
</testsuite> <!-- contactTests.CreateContactWithTitleTest -->
