<?xml version="1.0" encoding="UTF-8"?>
<!-- Generated by org.testng.reporters.JUnitReportReporter -->
<testsuite hostname="DESKTOP-1S1HMOG" failures="0" tests="1" name="contactTests.CreateContactTest" time="13.435" errors="0" timestamp="2023-12-22T20:33:52 IST" skipped="0">
  <testcase classname="contactTests.CreateContactTest" name="createContctTest" time="13.435"/>
  <system-out/>
</testsuite> <!-- contactTests.CreateContactTest -->
