<?xml version="1.0" encoding="UTF-8"?>
<!-- Generated by org.testng.reporters.JUnitReportReporter -->
<testsuite hostname="DESKTOP-1S1HMOG" failures="0" tests="1" name="contactTests.CreateContactWithLeadSourceTest" time="9.200" errors="0" timestamp="2023-12-22T11:59:37 IST" skipped="0">
  <testcase classname="contactTests.CreateContactWithLeadSourceTest" name="CreateContacctWithLeadTest" time="9.200"/>
  <system-out/>
</testsuite> <!-- contactTests.CreateContactWithLeadSourceTest -->
